<?xml version="1.0" encoding="UTF-8"?>
<!-- Generated by org.testng.reporters.JUnitReportReporter -->
<testsuite name="com.wordpress.TestCases.LoginPage" tests="1" time="9.002" ignored="0" failures="0" timestamp="10 Feb 2021 03:14:21 GMT" skipped="0" hostname="PC" errors="0">
  <testcase name="verifyLogin" time="9.002" classname="com.wordpress.TestCases.LoginPage"/>
</testsuite> <!-- com.wordpress.TestCases.LoginPage -->
