<?xml version="1.0" encoding="UTF-8"?>
<!-- Generated by org.testng.reporters.JUnitReportReporter -->
<testsuite name="com.wordpress.TestCases.LoginPageNew" tests="1" time="6.244" ignored="0" failures="0" timestamp="10 Feb 2021 05:20:40 GMT" skipped="0" hostname="PC" errors="0">
  <testcase name="verifyLoginLogout" time="6.244" classname="com.wordpress.TestCases.LoginPageNew"/>
</testsuite> <!-- com.wordpress.TestCases.LoginPageNew -->
